<?xml version="1.0" encoding="UTF-8"?>
<!-- Generated by org.testng.reporters.JUnitReportReporter -->
<testsuite hostname="DESKTOP-HADT1D5" failures="0" tests="2" name="day2.Test_GetMethod2" time="1.771" errors="0" timestamp="2025-05-14T22:12:49 IST" skipped="0">
  <testcase classname="day2.Test_GetMethod2" name="test01" time="1.607"/>
  <testcase classname="day2.Test_GetMethod2" name="test02" time="0.164"/>
</testsuite> <!-- day2.Test_GetMethod2 -->
