<?xml version="1.0" encoding="UTF-8"?>
<!-- Generated by org.testng.reporters.JUnitReportReporter -->
<testsuite hostname="DESKTOP-HADT1D5" failures="0" tests="1" name="day12_pojoDemo.NestedJSONObjectPojo" time="3.401" errors="0" timestamp="2025-05-25T13:12:36 IST" skipped="0">
  <testcase classname="day12_pojoDemo.NestedJSONObjectPojo" name="createUser" time="3.401"/>
</testsuite> <!-- day12_pojoDemo.NestedJSONObjectPojo -->
