<?xml version="1.0" encoding="UTF-8"?>
<!-- Generated by org.testng.reporters.JUnitReportReporter -->
<testsuite hostname="DESKTOP-HADT1D5" failures="0" tests="1" name="day10_uploadfile.FileUploadDemo" time="4.094" errors="0" timestamp="2025-05-24T17:41:52 IST" skipped="0">
  <testcase classname="day10_uploadfile.FileUploadDemo" name="uploadFile" time="4.094"/>
</testsuite> <!-- day10_uploadfile.FileUploadDemo -->
