<?xml version="1.0" encoding="UTF-8"?>
<!-- Generated by org.testng.reporters.JUnitReportReporter -->
<testsuite hostname="DESKTOP-HADT1D5" failures="0" tests="1" name="day14.DemoMockTest" time="2.762" errors="0" timestamp="2025-06-02T22:06:34 IST" skipped="0">
  <testcase classname="day14.DemoMockTest" name="test1" time="2.762"/>
</testsuite> <!-- day14.DemoMockTest -->
