<?xml version="1.0" encoding="UTF-8"?>
<!-- Generated by org.testng.reporters.JUnitReportReporter -->
<testsuite hostname="DESKTOP-HADT1D5" failures="0" tests="1" name="day12_pojoDemo.NestedComplexJSONObjectDemo" time="3.557" errors="0" timestamp="2025-05-25T20:43:43 IST" skipped="0">
  <testcase classname="day12_pojoDemo.NestedComplexJSONObjectDemo" name="createUser" time="3.557"/>
</testsuite> <!-- day12_pojoDemo.NestedComplexJSONObjectDemo -->
