<?xml version="1.0" encoding="UTF-8"?>
<!-- Generated by org.testng.reporters.JUnitReportReporter -->
<testsuite hostname="DESKTOP-HADT1D5" failures="0" tests="1" name="day9_AboutJSON.JSONObjectUsingJavaMapDemo2" time="2.633" errors="0" timestamp="2025-05-18T22:06:04 IST" skipped="0">
  <testcase classname="day9_AboutJSON.JSONObjectUsingJavaMapDemo2" name="createUserUsingMap" time="2.633"/>
</testsuite> <!-- day9_AboutJSON.JSONObjectUsingJavaMapDemo2 -->
