<?xml version="1.0" encoding="UTF-8"?>
<!-- Generated by org.testng.reporters.JUnitReportReporter -->
<testsuite hostname="DESKTOP-HADT1D5" failures="0" tests="1" name="day13_ignore_null_fields_from_POJO.DemoIgnoreUnknownProperties" time="0.229" errors="0" timestamp="2025-06-01T23:17:55 IST" skipped="0">
  <testcase classname="day13_ignore_null_fields_from_POJO.DemoIgnoreUnknownProperties" name="test1" time="0.229"/>
</testsuite> <!-- day13_ignore_null_fields_from_POJO.DemoIgnoreUnknownProperties -->
