<?xml version="1.0" encoding="UTF-8"?>
<!-- Generated by org.testng.reporters.JUnitReportReporter -->
<testsuite hostname="DESKTOP-HADT1D5" failures="0" tests="1" name="day2.Test_PutMethod" time="2.390" errors="0" timestamp="2025-05-14T23:40:19 IST" skipped="0">
  <testcase classname="day2.Test_PutMethod" name="test04" time="2.390"/>
</testsuite> <!-- day2.Test_PutMethod -->
