<?xml version="1.0" encoding="UTF-8"?>
<!-- Generated by org.testng.reporters.JUnitReportReporter -->
<testsuite hostname="DESKTOP-HADT1D5" failures="0" tests="2" name="day8_retreiveRequestSpecificationDetails.SendXMLDataAsPayload" time="5.851" errors="0" timestamp="2025-05-18T18:00:19 IST" skipped="0">
  <testcase classname="day8_retreiveRequestSpecificationDetails.SendXMLDataAsPayload" name="addPetJsonPayload" time="3.611"/>
  <testcase classname="day8_retreiveRequestSpecificationDetails.SendXMLDataAsPayload" name="createPetXMLPayload" time="2.240"/>
</testsuite> <!-- day8_retreiveRequestSpecificationDetails.SendXMLDataAsPayload -->
