<?xml version="1.0" encoding="UTF-8"?>
<!-- Generated by org.testng.reporters.JUnitReportReporter -->
<testsuite hostname="DESKTOP-HADT1D5" failures="0" tests="1" name="day4.ValidateResponseHeader" time="1.758" errors="0" timestamp="2025-05-17T13:37:39 IST" skipped="0">
  <testcase classname="day4.ValidateResponseHeader" name="getSingleUser" time="1.758"/>
</testsuite> <!-- day4.ValidateResponseHeader -->
