<?xml version="1.0" encoding="UTF-8"?>
<!-- Generated by org.testng.reporters.JUnitReportReporter -->
<testsuite hostname="DESKTOP-HADT1D5" failures="0" tests="4" name="day11_createOwnApi.OwnAPITesting" time="1.613" errors="0" timestamp="2025-05-24T21:56:38 IST" skipped="0">
  <testcase classname="day11_createOwnApi.OwnAPITesting" name="deleteUser" time="0.065"/>
  <testcase classname="day11_createOwnApi.OwnAPITesting" name="updateUser" time="0.052"/>
  <testcase classname="day11_createOwnApi.OwnAPITesting" name="readUserData" time="0.637"/>
  <testcase classname="day11_createOwnApi.OwnAPITesting" name="createUser" time="0.859"/>
</testsuite> <!-- day11_createOwnApi.OwnAPITesting -->
