<?xml version="1.0" encoding="UTF-8"?>
<!-- Generated by org.testng.reporters.JUnitReportReporter -->
<testsuite hostname="DESKTOP-HADT1D5" failures="0" tests="2" name="day15_responseSpecification.ResponseSpecificationDemo2" time="5.896" errors="0" timestamp="2025-06-03T00:39:35 IST" skipped="0">
  <testcase classname="day15_responseSpecification.ResponseSpecificationDemo2" name="getBookingByFirstName" time="1.470"/>
  <testcase classname="day15_responseSpecification.ResponseSpecificationDemo2" name="getAllBookingIds" time="4.426"/>
</testsuite> <!-- day15_responseSpecification.ResponseSpecificationDemo2 -->
