<?xml version="1.0" encoding="UTF-8"?>
<!-- Generated by org.testng.reporters.JUnitReportReporter -->
<testsuite hostname="DESKTOP-HADT1D5" failures="0" tests="1" name="day3.CheckForValidResponse_BDD" time="2.247" errors="0" timestamp="2025-05-17T12:49:18 IST" skipped="0">
  <testcase classname="day3.CheckForValidResponse_BDD" name="getSingleUser_BDD" time="2.247"/>
</testsuite> <!-- day3.CheckForValidResponse_BDD -->
