<?xml version="1.0" encoding="UTF-8"?>
<!-- Generated by org.testng.reporters.JUnitReportReporter -->
<testsuite hostname="DESKTOP-HADT1D5" failures="0" tests="2" name="day3.CheckForValidResponse" time="2.123" errors="0" timestamp="2025-05-17T12:36:11 IST" skipped="0">
  <testcase classname="day3.CheckForValidResponse" name="getSingleUserUsingValidatableResponse" time="0.325"/>
  <testcase classname="day3.CheckForValidResponse" name="getSingleUser" time="1.798"/>
</testsuite> <!-- day3.CheckForValidResponse -->
