<?xml version="1.0" encoding="UTF-8"?>
<!-- Generated by org.testng.reporters.JUnitReportReporter -->
<testsuite hostname="DESKTOP-HADT1D5" failures="0" tests="2" name="day2.Test_GetMethod" time="3.294" errors="0" timestamp="2025-05-14T22:07:11 IST" skipped="0">
  <testcase classname="day2.Test_GetMethod" name="test01" time="3.121"/>
  <testcase classname="day2.Test_GetMethod" name="test02" time="0.173"/>
</testsuite> <!-- day2.Test_GetMethod -->
