<?xml version="1.0" encoding="UTF-8"?>
<!-- Generated by org.testng.reporters.JUnitReportReporter -->
<testsuite hostname="DESKTOP-HADT1D5" failures="0" tests="1" name="day9_AboutJSON.JSONObjectUsingJavaMapDemo" time="4.514" errors="0" timestamp="2025-05-18T21:48:48 IST" skipped="0">
  <testcase classname="day9_AboutJSON.JSONObjectUsingJavaMapDemo" name="createAuthToekn" time="4.514"/>
</testsuite> <!-- day9_AboutJSON.JSONObjectUsingJavaMapDemo -->
