<?xml version="1.0" encoding="UTF-8"?>
<!-- Generated by org.testng.reporters.JUnitReportReporter -->
<testsuite hostname="DESKTOP-HADT1D5" failures="0" tests="1" name="day12_pojoDemo.SerializationAndDeserialization" time="3.220" errors="0" timestamp="2025-05-25T01:02:35 IST" skipped="0">
  <testcase classname="day12_pojoDemo.SerializationAndDeserialization" name="creatJSONObjectFromEmployeeClass" time="3.220"/>
</testsuite> <!-- day12_pojoDemo.SerializationAndDeserialization -->
