<?xml version="1.0" encoding="UTF-8"?>
<!-- Generated by org.testng.reporters.JUnitReportReporter -->
<testsuite hostname="DESKTOP-HADT1D5" failures="0" tests="2" name="day6_Authorization.ValidateAuthorizations" time="4.857" errors="0" timestamp="2025-05-17T18:12:36 IST" skipped="0">
  <testcase classname="day6_Authorization.ValidateAuthorizations" name="basicAuthPreemptive" time="1.564"/>
  <testcase classname="day6_Authorization.ValidateAuthorizations" name="basicAuthNonPreemptive" time="3.293"/>
</testsuite> <!-- day6_Authorization.ValidateAuthorizations -->
