<?xml version="1.0" encoding="UTF-8"?>
<!-- Generated by org.testng.reporters.JUnitReportReporter -->
<testsuite hostname="DESKTOP-HADT1D5" failures="0" tests="1" name="day6_Authorization.ValidateDigestAuthorization" time="3.080" errors="0" timestamp="2025-05-17T18:32:54 IST" skipped="0">
  <testcase classname="day6_Authorization.ValidateDigestAuthorization" name="digestAuth" time="3.080"/>
</testsuite> <!-- day6_Authorization.ValidateDigestAuthorization -->
