<?xml version="1.0" encoding="UTF-8"?>
<!-- Generated by org.testng.reporters.JUnitReportReporter -->
<testsuite hostname="DESKTOP-HADT1D5" failures="0" tests="1" name="day2.Test_DeleteMethod" time="3.054" errors="0" timestamp="2025-05-14T23:55:12 IST" skipped="0">
  <testcase classname="day2.Test_DeleteMethod" name="test05" time="3.054"/>
</testsuite> <!-- day2.Test_DeleteMethod -->
