<?xml version="1.0" encoding="UTF-8"?>
<!-- Generated by org.testng.reporters.JUnitReportReporter -->
<testsuite hostname="DESKTOP-HADT1D5" failures="0" tests="1" name="day5.QueryParameterDemo" time="2.007" errors="0" timestamp="2025-05-24T20:22:56 IST" skipped="0">
  <testcase classname="day5.QueryParameterDemo" name="filterData" time="2.007"/>
</testsuite> <!-- day5.QueryParameterDemo -->
