<?xml version="1.0" encoding="UTF-8"?>
<!-- Generated by org.testng.reporters.JUnitReportReporter -->
<testsuite hostname="DESKTOP-HADT1D5" failures="0" tests="1" name="day15_responseSpecification.ResponseSpecificationDemo" time="3.211" errors="0" timestamp="2025-06-03T00:02:36 IST" skipped="0">
  <testcase classname="day15_responseSpecification.ResponseSpecificationDemo" name="test1" time="3.211"/>
</testsuite> <!-- day15_responseSpecification.ResponseSpecificationDemo -->
