<?xml version="1.0" encoding="UTF-8"?>
<!-- Generated by org.testng.reporters.JUnitReportReporter -->
<testsuite hostname="DESKTOP-HADT1D5" failures="0" tests="1" name="day9_AboutJSON.JSONObjectUsingJacksonAPI" time="2.349" errors="0" timestamp="2025-05-25T00:41:51 IST" skipped="0">
  <testcase classname="day9_AboutJSON.JSONObjectUsingJacksonAPI" name="createUSer" time="2.349"/>
</testsuite> <!-- day9_AboutJSON.JSONObjectUsingJacksonAPI -->
