<?xml version="1.0" encoding="UTF-8"?>
<!-- Generated by org.testng.reporters.JUnitReportReporter -->
<testsuite hostname="DESKTOP-HADT1D5" failures="0" tests="1" name="day1Get.FirstGetReq" time="2.042" errors="0" timestamp="2025-05-14T00:30:05 IST" skipped="0">
  <testcase classname="day1Get.FirstGetReq" name="testCase02" time="2.042"/>
</testsuite> <!-- day1Get.FirstGetReq -->
