<?xml version="1.0" encoding="UTF-8"?>
<!-- Generated by org.testng.reporters.JUnitReportReporter -->
<testsuite hostname="DESKTOP-HADT1D5" failures="0" tests="1" name="day6_Authorization.ValidateBearerTokenAuthentication" time="2.539" errors="0" timestamp="2025-05-17T19:12:39 IST" skipped="0">
  <testcase classname="day6_Authorization.ValidateBearerTokenAuthentication" name="bearerAuth" time="2.539"/>
</testsuite> <!-- day6_Authorization.ValidateBearerTokenAuthentication -->
