<?xml version="1.0" encoding="UTF-8"?>
<!-- Generated by org.testng.reporters.JUnitReportReporter -->
<testsuite hostname="DESKTOP-HADT1D5" failures="0" tests="1" name="day7_deserialization.DeserializationDemo" time="3.217" errors="0" timestamp="2025-05-18T14:42:10 IST" skipped="0">
  <testcase classname="day7_deserialization.DeserializationDemo" name="createUser" time="3.217"/>
</testsuite> <!-- day7_deserialization.DeserializationDemo -->
