<?xml version="1.0" encoding="UTF-8"?>
<!-- Generated by org.testng.reporters.JUnitReportReporter -->
<testsuite hostname="DESKTOP-HADT1D5" failures="0" tests="1" name="day6_Authorization.ValidateAPIKeyAuthenticate" time="2.526" errors="0" timestamp="2025-05-18T11:54:26 IST" skipped="0">
  <testcase classname="day6_Authorization.ValidateAPIKeyAuthenticate" name="apiKeyAuth" time="2.526"/>
</testsuite> <!-- day6_Authorization.ValidateAPIKeyAuthenticate -->
