<?xml version="1.0" encoding="UTF-8"?>
<!-- Generated by org.testng.reporters.JUnitReportReporter -->
<testsuite hostname="DESKTOP-HADT1D5" failures="0" tests="1" name="day9_AboutJSON.JSONArrayDemo" time="4.387" errors="0" timestamp="2025-05-21T01:10:00 IST" skipped="0">
  <testcase classname="day9_AboutJSON.JSONArrayDemo" name="creatingUserUsingJSsonArray" time="4.387"/>
</testsuite> <!-- day9_AboutJSON.JSONArrayDemo -->
