<?xml version="1.0" encoding="UTF-8"?>
<!-- Generated by org.testng.reporters.JUnitReportReporter -->
<testsuite hostname="DESKTOP-HADT1D5" failures="0" tests="1" name="day12_pojoDemo.JSONArrayPOJOClassDemo" time="3.916" errors="0" timestamp="2025-05-25T12:15:26 IST" skipped="0">
  <testcase classname="day12_pojoDemo.JSONArrayPOJOClassDemo" name="createEmployeesJSONArray" time="3.916"/>
</testsuite> <!-- day12_pojoDemo.JSONArrayPOJOClassDemo -->
