<?xml version="1.0" encoding="UTF-8"?>
<!-- Generated by org.testng.reporters.JUnitReportReporter -->
<testsuite hostname="DESKTOP-HADT1D5" failures="0" tests="1" name="day16_jsonSchema.DemoJSONSchemaValidation" time="5.327" errors="0" timestamp="2025-06-07T00:33:31 IST" skipped="0">
  <testcase classname="day16_jsonSchema.DemoJSONSchemaValidation" name="testmethod" time="5.327"/>
</testsuite> <!-- day16_jsonSchema.DemoJSONSchemaValidation -->
