<?xml version="1.0" encoding="UTF-8"?>
<!-- Generated by org.testng.reporters.JUnitReportReporter -->
<testsuite hostname="DESKTOP-HADT1D5" failures="0" tests="1" name="day2.Test_PatchMethod" time="2.664" errors="0" timestamp="2025-05-14T23:49:46 IST" skipped="0">
  <testcase classname="day2.Test_PatchMethod" name="test05" time="2.664"/>
</testsuite> <!-- day2.Test_PatchMethod -->
