<?xml version="1.0" encoding="UTF-8"?>
<!-- Generated by org.testng.reporters.JUnitReportReporter -->
<testsuite hostname="DESKTOP-HADT1D5" failures="0" tests="1" name="day9_AboutJSON.JSONArrayDemoUsingList" time="3.130" errors="0" timestamp="2025-05-21T01:19:38 IST" skipped="0">
  <testcase classname="day9_AboutJSON.JSONArrayDemoUsingList" name="creatingUserUsingJSsonArray" time="3.130"/>
</testsuite> <!-- day9_AboutJSON.JSONArrayDemoUsingList -->
