<?xml version="1.0" encoding="UTF-8"?>
<!-- Generated by org.testng.reporters.JUnitReportReporter -->
<testsuite hostname="DESKTOP-HADT1D5" failures="0" tests="1" name="day4.ValidateJsonResponseBody" time="2.437" errors="0" timestamp="2025-05-24T20:12:26 IST" skipped="0">
  <testcase classname="day4.ValidateJsonResponseBody" name="userListResponseBody" time="2.437"/>
</testsuite> <!-- day4.ValidateJsonResponseBody -->
