<?xml version="1.0" encoding="UTF-8"?>
<!-- Generated by org.testng.reporters.JUnitReportReporter -->
<testsuite hostname="DESKTOP-HADT1D5" failures="0" tests="1" name="day13.DemoJsonInclude" time="0.238" errors="0" timestamp="2025-05-25T22:33:56 IST" skipped="0">
  <testcase classname="day13.DemoJsonInclude" name="testMethod1" time="0.238"/>
</testsuite> <!-- day13.DemoJsonInclude -->
