<?xml version="1.0" encoding="UTF-8"?>
<!-- Generated by org.testng.reporters.JUnitReportReporter -->
<testsuite hostname="DESKTOP-HADT1D5" failures="0" tests="2" name="day6_Authorization.ValidateOAuthAuthorization" time="4.384" errors="0" timestamp="2025-05-18T13:31:58 IST" skipped="0">
  <testcase classname="day6_Authorization.ValidateOAuthAuthorization" name="listInvoiceUsingAccessToken" time="0.819"/>
  <testcase classname="day6_Authorization.ValidateOAuthAuthorization" name="oAuthGetAccessToken" time="3.565"/>
</testsuite> <!-- day6_Authorization.ValidateOAuthAuthorization -->
