<?xml version="1.0" encoding="UTF-8"?>
<!-- Generated by org.testng.reporters.JUnitReportReporter -->
<testsuite hostname="DESKTOP-HADT1D5" failures="0" tests="1" name="day13_ignore_null_fields_from_POJO.DemoJSONIgnoreFields" time="0.311" errors="0" timestamp="2025-05-26T23:59:14 IST" skipped="0">
  <testcase classname="day13_ignore_null_fields_from_POJO.DemoJSONIgnoreFields" name="testMethod1" time="0.311"/>
</testsuite> <!-- day13_ignore_null_fields_from_POJO.DemoJSONIgnoreFields -->
