<?xml version="1.0" encoding="UTF-8"?>
<!-- Generated by org.testng.reporters.JUnitReportReporter -->
<testsuite hostname="DESKTOP-HADT1D5" failures="0" tests="1" name="day2.Test_PostMethod" time="2.712" errors="0" timestamp="2025-05-14T23:21:29 IST" skipped="0">
  <testcase classname="day2.Test_PostMethod" name="test03" time="2.712"/>
</testsuite> <!-- day2.Test_PostMethod -->
